[0.087s] Invoking command in '/home/kevo/ros_ws/src/ros_arm/build/ros_arm_moveit_config': /usr/bin/cmake --build /home/kevo/ros_ws/src/ros_arm/build/ros_arm_moveit_config -- -j8 -l8
[0.149s] -- Found ament_cmake: 1.3.5 (/opt/ros/humble/share/ament_cmake/cmake)
[0.366s] Error parsing '/home/kevo/ros_ws/src/ros_arm/src/ros_arm_moveit_config/package.xml':
[0.419s] Traceback (most recent call last):
[0.419s]   File "/opt/ros/humble/share/ament_cmake_core/cmake/core/package_xml_2_cmake.py", line 150, in <module>
[0.419s]     main()
[0.419s]   File "/opt/ros/humble/share/ament_cmake_core/cmake/core/package_xml_2_cmake.py", line 53, in main
[0.419s]     raise e
[0.420s]   File "/opt/ros/humble/share/ament_cmake_core/cmake/core/package_xml_2_cmake.py", line 49, in main
[0.420s]     package = parse_package_string(
[0.420s]   File "/usr/lib/python3/dist-packages/catkin_pkg/package.py", line 788, in parse_package_string
[0.420s]     pkg.validate(warnings=warnings)
[0.420s]   File "/usr/lib/python3/dist-packages/catkin_pkg/package.py", line 330, in validate
[0.420s]     raise InvalidPackage('\n'.join(errors), self.filename)
[0.420s] catkin_pkg.package.InvalidPackage: Error(s) in package '/home/kevo/ros_ws/src/ros_arm/src/ros_arm_moveit_config/package.xml':
[0.421s] Invalid email "Kipkorir.magut254@gmail,com" for person "KevinKipkorir"
[0.421s] Invalid email "Kipkorir.magut254@gmail,com" for person "KevinKipkorir"
[0.435s] -- Configuring incomplete, errors occurred!
[0.435s] See also "/home/kevo/ros_ws/src/ros_arm/build/ros_arm_moveit_config/CMakeFiles/CMakeOutput.log".
[0.435s] [31mCMake Error at /opt/ros/humble/share/ament_cmake_core/cmake/core/ament_package_xml.cmake:95 (message):
[0.437s]   execute_process(/usr/bin/python3.10
[0.437s]   /opt/ros/humble/share/ament_cmake_core/cmake/core/package_xml_2_cmake.py
[0.438s]   /home/kevo/ros_ws/src/ros_arm/src/ros_arm_moveit_config/package.xml
[0.438s]   /home/kevo/ros_ws/src/ros_arm/build/ros_arm_moveit_config/ament_cmake_core/package.cmake)
[0.438s]   returned error code 1
[0.438s] Call Stack (most recent call first):
[0.438s]   /opt/ros/humble/share/ament_cmake_core/cmake/core/ament_package_xml.cmake:49 (_ament_package_xml)
[0.439s]   /opt/ros/humble/share/ament_cmake_core/cmake/core/ament_package.cmake:63 (ament_package_xml)
[0.439s]   CMakeLists.txt:6 (ament_package)
[0.439s] 
[0.439s] [0m
[0.439s] gmake: *** [Makefile:226: cmake_check_build_system] Error 1
[0.444s] Invoked command in '/home/kevo/ros_ws/src/ros_arm/build/ros_arm_moveit_config' returned '2': /usr/bin/cmake --build /home/kevo/ros_ws/src/ros_arm/build/ros_arm_moveit_config -- -j8 -l8
